<?xml version="1.0" encoding="UTF-8"?>
<testsuite xmlns:xsi="http://www.w3.org/2001/XMLSchema-instance" xsi:noNamespaceSchemaLocation="https://maven.apache.org/surefire/maven-surefire-plugin/xsd/surefire-test-report-3.0.xsd" version="3.0" name="se.kth.id1021.CalculatorTest" time="0.016" tests="3" errors="0" skipped="0" failures="0">
  <properties>
    <property name="java.specification.version" value="20"/>
    <property name="sun.jnu.encoding" value="UTF-8"/>
    <property name="java.class.path" value="/Users/siyu/Desktop/KTH/period 3-4/ID1021_HT23 Algoritmer_och_datastrukturer/assignment/calculator/code/calculator/target/test-classes:/Users/siyu/Desktop/KTH/period 3-4/ID1021_HT23 Algoritmer_och_datastrukturer/assignment/calculator/code/calculator/target/classes:/Users/siyu/.m2/repository/junit/junit/3.8.1/junit-3.8.1.jar:"/>
    <property name="java.vm.vendor" value="Homebrew"/>
    <property name="sun.arch.data.model" value="64"/>
    <property name="java.vendor.url" value="https://github.com/Homebrew/homebrew-core/issues"/>
    <property name="os.name" value="Mac OS X"/>
    <property name="java.vm.specification.version" value="20"/>
    <property name="sun.java.launcher" value="SUN_STANDARD"/>
    <property name="user.country" value="SE"/>
    <property name="sun.boot.library.path" value="/opt/homebrew/Cellar/openjdk/20.0.1/libexec/openjdk.jdk/Contents/Home/lib"/>
    <property name="sun.java.command" value="/Users/siyu/Desktop/KTH/period 3-4/ID1021_HT23 Algoritmer_och_datastrukturer/assignment/calculator/code/calculator/target/surefire/surefirebooter-20230830212725026_3.jar /Users/siyu/Desktop/KTH/period 3-4/ID1021_HT23 Algoritmer_och_datastrukturer/assignment/calculator/code/calculator/target/surefire 2023-08-30T21-27-24_968-jvmRun1 surefire-20230830212725026_1tmp surefire_0-20230830212725026_2tmp"/>
    <property name="jdk.debug" value="release"/>
    <property name="surefire.test.class.path" value="/Users/siyu/Desktop/KTH/period 3-4/ID1021_HT23 Algoritmer_och_datastrukturer/assignment/calculator/code/calculator/target/test-classes:/Users/siyu/Desktop/KTH/period 3-4/ID1021_HT23 Algoritmer_och_datastrukturer/assignment/calculator/code/calculator/target/classes:/Users/siyu/.m2/repository/junit/junit/3.8.1/junit-3.8.1.jar:"/>
    <property name="sun.cpu.endian" value="little"/>
    <property name="user.home" value="/Users/siyu"/>
    <property name="user.language" value="en"/>
    <property name="java.specification.vendor" value="Oracle Corporation"/>
    <property name="java.version.date" value="2023-04-18"/>
    <property name="java.home" value="/opt/homebrew/Cellar/openjdk/20.0.1/libexec/openjdk.jdk/Contents/Home"/>
    <property name="file.separator" value="/"/>
    <property name="basedir" value="/Users/siyu/Desktop/KTH/period 3-4/ID1021_HT23 Algoritmer_och_datastrukturer/assignment/calculator/code/calculator"/>
    <property name="java.vm.compressedOopsMode" value="Zero based"/>
    <property name="line.separator" value="&#10;"/>
    <property name="java.specification.name" value="Java Platform API Specification"/>
    <property name="java.vm.specification.vendor" value="Oracle Corporation"/>
    <property name="apple.awt.application.name" value="ForkedBooter"/>
    <property name="surefire.real.class.path" value="/Users/siyu/Desktop/KTH/period 3-4/ID1021_HT23 Algoritmer_och_datastrukturer/assignment/calculator/code/calculator/target/surefire/surefirebooter-20230830212725026_3.jar"/>
    <property name="sun.management.compiler" value="HotSpot 64-Bit Tiered Compilers"/>
    <property name="java.runtime.version" value="20.0.1"/>
    <property name="user.name" value="siyu"/>
    <property name="stdout.encoding" value="UTF-8"/>
    <property name="path.separator" value=":"/>
    <property name="os.version" value="13.4.1"/>
    <property name="java.runtime.name" value="OpenJDK Runtime Environment"/>
    <property name="file.encoding" value="UTF-8"/>
    <property name="java.vm.name" value="OpenJDK 64-Bit Server VM"/>
    <property name="java.vendor.version" value="Homebrew"/>
    <property name="localRepository" value="/Users/siyu/.m2/repository"/>
    <property name="java.vendor.url.bug" value="https://github.com/Homebrew/homebrew-core/issues"/>
    <property name="java.io.tmpdir" value="/var/folders/8k/g8hlzc013fnglnjvg4t6jv9c0000gn/T/"/>
    <property name="java.version" value="20.0.1"/>
    <property name="user.dir" value="/Users/siyu/Desktop/KTH/period 3-4/ID1021_HT23 Algoritmer_och_datastrukturer/assignment/calculator/code/calculator"/>
    <property name="os.arch" value="aarch64"/>
    <property name="java.vm.specification.name" value="Java Virtual Machine Specification"/>
    <property name="native.encoding" value="UTF-8"/>
    <property name="java.library.path" value="/Users/siyu/Library/Java/Extensions:/Library/Java/Extensions:/Network/Library/Java/Extensions:/System/Library/Java/Extensions:/usr/lib/java:."/>
    <property name="java.vm.info" value="mixed mode, sharing"/>
    <property name="stderr.encoding" value="UTF-8"/>
    <property name="java.vendor" value="Homebrew"/>
    <property name="java.vm.version" value="20.0.1"/>
    <property name="sun.io.unicode.encoding" value="UnicodeBig"/>
    <property name="java.class.version" value="64.0"/>
  </properties>
  <testcase name="testCalculator1" classname="se.kth.id1021.CalculatorTest" time="0.003"/>
  <testcase name="testCalculator2" classname="se.kth.id1021.CalculatorTest" time="0.0"/>
  <testcase name="testCalculatorExpand" classname="se.kth.id1021.CalculatorTest" time="0.0"/>
</testsuite>